[2022-10-20T14:08:17.839] [INFO] default - {
  selectedClass: { name: 'Economy', code: 'Economy' },
  isRoundTrip: false,
  adultPass: 1,
  childPass: 0,
  infantPass: 0,
  totalPass: 0,
  departDate: '',
  returnDate: '',
  departAdd: '',
  departCoord: { lat: 0, lng: 0 },
  arriveAdd: '',
  arriveCoord: { lat: 0, lng: 0 },
  selectedTransport: { name: 'Car', code: 'driving' },
  maxTimeStart: { name: '3 hr', sec: 10800 },
  maxTimeEnd: { name: '1 hr', sec: 3600 }
}
[2022-10-20T14:15:55.618] [INFO] default - {
  selectedClass: { name: 'Economy', code: 'Economy' },
  isRoundTrip: false,
  adultPass: 1,
  childPass: 0,
  infantPass: 0,
  totalPass: 0,
  departDate: '',
  returnDate: '',
  departAdd: '',
  departCoord: { lat: 0, lng: 0 },
  arriveAdd: '',
  arriveCoord: { lat: 0, lng: 0 },
  selectedTransport: { name: 'Car', code: 'driving' },
  maxTimeStart: { name: '3 hr', sec: 10800 },
  maxTimeEnd: { name: '1 hr', sec: 3600 }
}
